<?xml version="1.0" encoding="UTF-8"?>
<!-- Generated by org.testng.reporters.JUnitXMLReporter -->
<testsuite hostname="CCILT347" name="configAD" tests="3" failures="0" timestamp="16 Mar 2015 07:01:10 GMT" time="23.12" errors="0">
  <testcase name="cac_login" time="14.026" classname="com.ciphercloud.portal.testcases.Login"/>
  <testcase name="cac_configureAD" time="7.342" classname="com.ciphercloud.portal.testcases.Login"/>
  <testcase name="cac_logout" time="1.721" classname="com.ciphercloud.portal.testcases.Login"/>
</testsuite> <!-- configAD -->
