<?xml version="1.0" encoding="UTF-8"?>
<!-- Generated by org.testng.reporters.JUnitXMLReporter -->
<testsuite hostname="CCILT347" name="configEndAuth" tests="3" failures="0" timestamp="16 Mar 2015 07:01:07 GMT" time="20.484" errors="0">
  <testcase name="cac_login" time="13.963" classname="com.ciphercloud.portal.testcases.Login"/>
  <testcase name="cac_endUserAuth" time="4.466" classname="com.ciphercloud.portal.testcases.Login"/>
  <testcase name="cac_logout" time="2.035" classname="com.ciphercloud.portal.testcases.Login"/>
</testsuite> <!-- configEndAuth -->
