<?xml version="1.0" encoding="UTF-8"?>
<testng-results skipped="0" failed="1" total="2" passed="1">
  <reporter-output>
    <line>
      <![CDATA[ <a href='./src/test/resources/Screenshot/cac_configureAD_16032015104713.png' height='100' width='100' />  View Screenshot :cac_configureAD </a>]]>
    </line>
  </reporter-output>
  <suite name="EN_Sites" duration-ms="16146" started-at="2015-03-16T05:17:00Z" finished-at="2015-03-16T05:17:17Z">
    <groups>
      <group name="Independent">
        <method signature="Login.cac_SignIn(java.util.LinkedHashMap)[pri:0, instance:com.ciphercloud.portal.testcases.Login@473b46c3]" name="cac_SignIn" class="com.ciphercloud.portal.testcases.Login"/>
        <method signature="Login.cac_configureAD(java.util.LinkedHashMap)[pri:0, instance:com.ciphercloud.portal.testcases.Login@473b46c3]" name="cac_configureAD" class="com.ciphercloud.portal.testcases.Login"/>
      </group> <!-- Independent -->
      <group name="smokeTest">
        <method signature="Login.cac_SignIn(java.util.LinkedHashMap)[pri:0, instance:com.ciphercloud.portal.testcases.Login@473b46c3]" name="cac_SignIn" class="com.ciphercloud.portal.testcases.Login"/>
        <method signature="Login.cac_configureAD(java.util.LinkedHashMap)[pri:0, instance:com.ciphercloud.portal.testcases.Login@473b46c3]" name="cac_configureAD" class="com.ciphercloud.portal.testcases.Login"/>
      </group> <!-- smokeTest -->
    </groups>
    <test name="BeforeAppEx" duration-ms="4" started-at="2015-03-16T05:17:00Z" finished-at="2015-03-16T05:17:00Z">
    </test> <!-- BeforeAppEx -->
    <test name="LOGIN" duration-ms="16142" started-at="2015-03-16T05:17:00Z" finished-at="2015-03-16T05:17:17Z">
      <class name="com.ciphercloud.suite.BeforeAppEx">
        <test-method status="PASS" signature="beforeSuite(java.lang.String, java.lang.String)[pri:0, instance:com.ciphercloud.suite.BeforeAppEx@71a794e5]" name="beforeSuite" is-config="true" duration-ms="857" started-at="2015-03-16T10:47:00Z" finished-at="2015-03-16T10:47:00Z">
          <params>
            <param index="0">
              <value>
                <![CDATA[true]]>
              </value>
            </param>
            <param index="1">
              <value>
                <![CDATA[chrome]]>
              </value>
            </param>
          </params>
          <reporter-output>
          </reporter-output>
        </test-method> <!-- beforeSuite -->
        <test-method status="PASS" signature="afterSuite()[pri:0, instance:com.ciphercloud.suite.BeforeAppEx@71a794e5]" name="afterSuite" is-config="true" duration-ms="1698" started-at="2015-03-16T10:47:17Z" finished-at="2015-03-16T10:47:18Z">
          <reporter-output>
          </reporter-output>
        </test-method> <!-- afterSuite -->
      </class> <!-- com.ciphercloud.suite.BeforeAppEx -->
      <class name="com.ciphercloud.portal.testcases.Login">
        <test-method status="PASS" signature="cac_SignIn(java.util.LinkedHashMap)[pri:0, instance:com.ciphercloud.portal.testcases.Login@473b46c3]" name="cac_SignIn" duration-ms="9421" started-at="2015-03-16T10:47:00Z" data-provider="DataProvider" finished-at="2015-03-16T10:47:10Z">
          <params>
            <param index="0">
              <value>
                <![CDATA[{field={User Name=admin, Password=admin}, button={login=Log In}, label={message=You have logged in successfully}, url={url=http://172.16.18.13:8080/feproxy-webadmin/login}, title={title=CipherCloud Console, Title2=Admin Authentication}}]]>
              </value>
            </param>
          </params>
          <reporter-output>
          </reporter-output>
        </test-method> <!-- cac_SignIn -->
        <test-method status="FAIL" signature="cac_configureAD(java.util.LinkedHashMap)[pri:0, instance:com.ciphercloud.portal.testcases.Login@473b46c3]" name="cac_configureAD" duration-ms="6705" started-at="2015-03-16T10:47:10Z" data-provider="DataProvider" finished-at="2015-03-16T10:47:17Z">
          <params>
            <param index="0">
              <value>
                <![CDATA[{field={AD Server Hostname/IP Address=AD, Port Number=389, Base DN Settings=dc=djfjsdf,dc=gjgjh, AD Domain=fhgfghfgh.com}, button={connectAD=Connect AD Server, connect=Connect}, label={AD User ID=apere, AD Password=dhfjsh}, title={title=Admin Authentication}}]]>
              </value>
            </param>
          </params>
          <exception class="java.lang.AssertionError">
            <message>
              <![CDATA[expected [AD User ID] but found [null]]]>
            </message>
            <full-stacktrace>
              <![CDATA[java.lang.AssertionError: expected [AD User ID] but found [null]
	at org.testng.Assert.fail(Assert.java:94)
	at org.testng.Assert.failNotEquals(Assert.java:494)
	at org.testng.Assert.assertEquals(Assert.java:123)
	at org.testng.Assert.assertEquals(Assert.java:165)
	at com.ciphercloud.util.Asserting.assertEquals(Asserting.java:45)
	at com.ciphercloud.util.Asserting.verifyEquals(Asserting.java:113)
	at com.ciphercloud.driver.CipherAtom.findDisplayedElement(CipherAtom.java:303)
	at com.ciphercloud.driver.CipherAtom.verifyResultpath(CipherAtom.java:228)
	at com.ciphercloud.driver.CipherAtom.verifyingDpath(CipherAtom.java:141)
	at com.ciphercloud.driver.CipherAtom.verifyingLabelsAndTextTheFields(CipherAtom.java:133)
	at com.ciphercloud.portal.scripts.Login_Implementation.cac_configureAD(Login_Implementation.java:70)
	at com.ciphercloud.portal.testcases.Login.cac_configureAD(Login.java:58)
	at sun.reflect.NativeMethodAccessorImpl.invoke0(Native Method)
	at sun.reflect.NativeMethodAccessorImpl.invoke(NativeMethodAccessorImpl.java:62)
	at sun.reflect.DelegatingMethodAccessorImpl.invoke(DelegatingMethodAccessorImpl.java:43)
	at java.lang.reflect.Method.invoke(Method.java:483)
	at org.testng.internal.MethodInvocationHelper.invokeMethod(MethodInvocationHelper.java:84)
	at org.testng.internal.Invoker.invokeMethod(Invoker.java:714)
	at org.testng.internal.Invoker.invokeTestMethod(Invoker.java:901)
	at org.testng.internal.TestMethodWithDataProviderMethodWorker.call(TestMethodWithDataProviderMethodWorker.java:73)
	at org.testng.internal.TestMethodWithDataProviderMethodWorker.call(TestMethodWithDataProviderMethodWorker.java:14)
	at java.util.concurrent.FutureTask.run(FutureTask.java:266)
	at java.util.concurrent.Executors$RunnableAdapter.call(Executors.java:511)
	at java.util.concurrent.FutureTask.run(FutureTask.java:266)
	at java.util.concurrent.ThreadPoolExecutor.runWorker(ThreadPoolExecutor.java:1142)
	at java.util.concurrent.ThreadPoolExecutor$Worker.run(ThreadPoolExecutor.java:617)
	at java.lang.Thread.run(Thread.java:745)
]]>
            </full-stacktrace>
          </exception> <!-- java.lang.AssertionError -->
          <reporter-output>
            <line>
              <![CDATA[ &amp;<a href='./src/test/resources/Screenshot/cac_configureAD_16032015104713.png' height='100' width='100' /&amp;>  View Screenshot :cac_configureAD &amp;</a&amp;>]]>
            </line>
          </reporter-output>
        </test-method> <!-- cac_configureAD -->
      </class> <!-- com.ciphercloud.portal.testcases.Login -->
    </test> <!-- LOGIN -->
  </suite> <!-- EN_Sites -->
</testng-results>
